"Deploying ASA: allFieldASA":
    asset-index: 37
    confirmed-round: 29572
    pool-error: ""
    txn:
        sig:
            - 209
            - 36
            - 109
            - 233
            - 69
            - 169
            - 196
            - 39
            - 162
            - 112
            - 128
            - 110
            - 147
            - 207
            - 194
            - 65
            - 243
            - 193
            - 136
            - 184
            - 177
            - 64
            - 153
            - 202
            - 58
            - 238
            - 26
            - 235
            - 252
            - 20
            - 44
            - 29
            - 104
            - 47
            - 253
            - 84
            - 147
            - 44
            - 80
            - 23
            - 71
            - 162
            - 0
            - 31
            - 168
            - 233
            - 71
            - 193
            - 252
            - 20
            - 235
            - 91
            - 243
            - 159
            - 155
            - 14
            - 146
            - 90
            - 181
            - 124
            - 186
            - 45
            - 202
            - 11
        txn:
            apar:
                am:
                    - 49
                    - 50
                    - 51
                    - 49
                    - 50
                    - 52
                    - 52
                    - 50
                    - 49
                    - 52
                    - 50
                    - 49
                    - 52
                    - 49
                    - 50
                    - 52
                    - 49
                    - 50
                    - 52
                    - 52
                    - 52
                    - 52
                    - 52
                    - 52
                    - 49
                    - 49
                    - 49
                    - 49
                    - 49
                    - 49
                    - 51
                    - 51
                an: allFieldASA
                au: url
                c:
                    - 181
                    - 176
                    - 219
                    - 238
                    - 106
                    - 134
                    - 42
                    - 72
                    - 146
                    - 178
                    - 183
                    - 161
                    - 7
                    - 238
                    - 87
                    - 145
                    - 92
                    - 34
                    - 110
                    - 74
                    - 164
                    - 136
                    - 138
                    - 167
                    - 248
                    - 1
                    - 168
                    - 242
                    - 0
                    - 77
                    - 71
                    - 104
                df: true
                f:
                    - 181
                    - 176
                    - 219
                    - 238
                    - 106
                    - 134
                    - 42
                    - 72
                    - 146
                    - 178
                    - 183
                    - 161
                    - 7
                    - 238
                    - 87
                    - 145
                    - 92
                    - 34
                    - 110
                    - 74
                    - 164
                    - 136
                    - 138
                    - 167
                    - 248
                    - 1
                    - 168
                    - 242
                    - 0
                    - 77
                    - 71
                    - 104
                m:
                    - 181
                    - 176
                    - 219
                    - 238
                    - 106
                    - 134
                    - 42
                    - 72
                    - 146
                    - 178
                    - 183
                    - 161
                    - 7
                    - 238
                    - 87
                    - 145
                    - 92
                    - 34
                    - 110
                    - 74
                    - 164
                    - 136
                    - 138
                    - 167
                    - 248
                    - 1
                    - 168
                    - 242
                    - 0
                    - 77
                    - 71
                    - 104
                r:
                    - 181
                    - 176
                    - 219
                    - 238
                    - 106
                    - 134
                    - 42
                    - 72
                    - 146
                    - 178
                    - 183
                    - 161
                    - 7
                    - 238
                    - 87
                    - 145
                    - 92
                    - 34
                    - 110
                    - 74
                    - 164
                    - 136
                    - 138
                    - 167
                    - 248
                    - 1
                    - 168
                    - 242
                    - 0
                    - 77
                    - 71
                    - 104
                t: 1
                un: unitName
            fee: 4350
            fv: 29570
            gen: private-v1
            gh:
                - 8
                - 72
                - 108
                - 200
                - 156
                - 29
                - 132
                - 110
                - 83
                - 208
                - 67
                - 212
                - 145
                - 141
                - 216
                - 191
                - 149
                - 241
                - 175
                - 235
                - 47
                - 166
                - 202
                - 45
                - 81
                - 82
                - 10
                - 214
                - 200
                - 40
                - 114
                - 102
            lv: 30570
            note:
                - 110
                - 111
                - 116
                - 101
                - 98
                - 54
                - 52
            snd:
                - 181
                - 176
                - 219
                - 238
                - 106
                - 134
                - 42
                - 72
                - 146
                - 178
                - 183
                - 161
                - 7
                - 238
                - 87
                - 145
                - 92
                - 34
                - 110
                - 74
                - 164
                - 136
                - 138
                - 167
                - 248
                - 1
                - 168
                - 242
                - 0
                - 77
                - 71
                - 104
            type: acfg
