"Deploying ASA: minimumASA1":
    asset-index: 36
    confirmed-round: 29570
    pool-error: ""
    txn:
        sig:
            - 168
            - 182
            - 236
            - 246
            - 58
            - 160
            - 87
            - 2
            - 122
            - 71
            - 5
            - 115
            - 66
            - 10
            - 36
            - 157
            - 173
            - 187
            - 148
            - 253
            - 72
            - 247
            - 35
            - 162
            - 176
            - 169
            - 6
            - 245
            - 50
            - 160
            - 246
            - 89
            - 1
            - 233
            - 230
            - 105
            - 16
            - 215
            - 75
            - 147
            - 36
            - 121
            - 249
            - 193
            - 196
            - 254
            - 176
            - 0
            - 223
            - 168
            - 29
            - 198
            - 98
            - 151
            - 167
            - 25
            - 206
            - 121
            - 183
            - 64
            - 224
            - 54
            - 37
            - 10
        txn:
            apar:
                an: minimumASA1
                t: 1
                un: unitName
            fee: 2290
            fv: 29568
            gen: private-v1
            gh:
                - 8
                - 72
                - 108
                - 200
                - 156
                - 29
                - 132
                - 110
                - 83
                - 208
                - 67
                - 212
                - 145
                - 141
                - 216
                - 191
                - 149
                - 241
                - 175
                - 235
                - 47
                - 166
                - 202
                - 45
                - 81
                - 82
                - 10
                - 214
                - 200
                - 40
                - 114
                - 102
            lv: 30568
            snd:
                - 181
                - 176
                - 219
                - 238
                - 106
                - 134
                - 42
                - 72
                - 146
                - 178
                - 183
                - 161
                - 7
                - 238
                - 87
                - 145
                - 92
                - 34
                - 110
                - 74
                - 164
                - 136
                - 138
                - 167
                - 248
                - 1
                - 168
                - 242
                - 0
                - 77
                - 71
                - 104
            type: acfg
