"Deploying ASA: minimumASA":
    asset-index: 35
    confirmed-round: 29568
    pool-error: ""
    sender-rewards: 1437383098
    txn:
        sig:
            - 101
            - 134
            - 236
            - 33
            - 24
            - 66
            - 29
            - 57
            - 51
            - 251
            - 7
            - 86
            - 84
            - 5
            - 90
            - 85
            - 66
            - 47
            - 74
            - 24
            - 153
            - 89
            - 90
            - 192
            - 221
            - 167
            - 194
            - 13
            - 191
            - 216
            - 90
            - 35
            - 99
            - 150
            - 33
            - 115
            - 120
            - 105
            - 191
            - 132
            - 57
            - 150
            - 53
            - 170
            - 147
            - 214
            - 175
            - 197
            - 196
            - 49
            - 203
            - 234
            - 22
            - 225
            - 215
            - 219
            - 63
            - 159
            - 115
            - 120
            - 119
            - 109
            - 2
            - 0
        txn:
            apar:
                an: minimumASA
                t: 1
                un: unitName
            fee: 230000
            fv: 29566
            gen: private-v1
            gh:
                - 8
                - 72
                - 108
                - 200
                - 156
                - 29
                - 132
                - 110
                - 83
                - 208
                - 67
                - 212
                - 145
                - 141
                - 216
                - 191
                - 149
                - 241
                - 175
                - 235
                - 47
                - 166
                - 202
                - 45
                - 81
                - 82
                - 10
                - 214
                - 200
                - 40
                - 114
                - 102
            lv: 30566
            snd:
                - 181
                - 176
                - 219
                - 238
                - 106
                - 134
                - 42
                - 72
                - 146
                - 178
                - 183
                - 161
                - 7
                - 238
                - 87
                - 145
                - 92
                - 34
                - 110
                - 74
                - 164
                - 136
                - 138
                - 167
                - 248
                - 1
                - 168
                - 242
                - 0
                - 77
                - 71
                - 104
            type: acfg
