"Funding Contract: DVBPKB6YOW35LKMTLTVO3ML7G7V5QIB3SAXGUNY6CIW6H7IN7JV73MR7TQ\nLsig: fee-check.teal":
    confirmed-round: 29574
    pool-error: ""
    txn:
        sig:
            - 33
            - 244
            - 250
            - 227
            - 58
            - 214
            - 209
            - 4
            - 224
            - 207
            - 102
            - 225
            - 233
            - 252
            - 133
            - 211
            - 203
            - 192
            - 218
            - 78
            - 79
            - 8
            - 249
            - 111
            - 72
            - 223
            - 135
            - 73
            - 149
            - 13
            - 7
            - 173
            - 246
            - 20
            - 139
            - 178
            - 198
            - 24
            - 62
            - 146
            - 189
            - 180
            - 29
            - 245
            - 161
            - 63
            - 101
            - 105
            - 90
            - 248
            - 146
            - 196
            - 128
            - 219
            - 218
            - 212
            - 40
            - 15
            - 122
            - 86
            - 215
            - 61
            - 151
            - 7
        txn:
            amt: 20000000
            fee: 241000
            fv: 29572
            gen: private-v1
            gh:
                - 8
                - 72
                - 108
                - 200
                - 156
                - 29
                - 132
                - 110
                - 83
                - 208
                - 67
                - 212
                - 145
                - 141
                - 216
                - 191
                - 149
                - 241
                - 175
                - 235
                - 47
                - 166
                - 202
                - 45
                - 81
                - 82
                - 10
                - 214
                - 200
                - 40
                - 114
                - 102
            lv: 30572
            rcv:
                - 29
                - 66
                - 245
                - 7
                - 216
                - 117
                - 183
                - 213
                - 169
                - 147
                - 92
                - 234
                - 237
                - 177
                - 127
                - 55
                - 235
                - 216
                - 32
                - 59
                - 144
                - 46
                - 106
                - 55
                - 30
                - 18
                - 45
                - 227
                - 253
                - 13
                - 250
                - 107
            snd:
                - 181
                - 176
                - 219
                - 238
                - 106
                - 134
                - 42
                - 72
                - 146
                - 178
                - 183
                - 161
                - 7
                - 238
                - 87
                - 145
                - 92
                - 34
                - 110
                - 74
                - 164
                - 136
                - 138
                - 167
                - 248
                - 1
                - 168
                - 242
                - 0
                - 77
                - 71
                - 104
            type: pay
