"Funding Contract: 3HAICRR6BEJVCCTBTGIAEMSHVEQ5H4MV7U2GCLJAGHZ5UM3BVUJYONLGCA\nLsig: escrow.py":
    confirmed-round: 29576
    pool-error: ""
    txn:
        sig:
            - 168
            - 119
            - 146
            - 125
            - 20
            - 117
            - 52
            - 19
            - 247
            - 154
            - 173
            - 87
            - 85
            - 114
            - 63
            - 250
            - 189
            - 173
            - 87
            - 228
            - 170
            - 227
            - 157
            - 22
            - 2
            - 18
            - 48
            - 81
            - 195
            - 230
            - 203
            - 24
            - 107
            - 172
            - 206
            - 254
            - 234
            - 231
            - 233
            - 48
            - 255
            - 74
            - 76
            - 3
            - 197
            - 218
            - 93
            - 25
            - 67
            - 139
            - 116
            - 229
            - 79
            - 104
            - 233
            - 11
            - 53
            - 227
            - 6
            - 15
            - 45
            - 106
            - 98
            - 6
        txn:
            amt: 20000000
            fee: 241000
            fv: 29574
            gen: private-v1
            gh:
                - 8
                - 72
                - 108
                - 200
                - 156
                - 29
                - 132
                - 110
                - 83
                - 208
                - 67
                - 212
                - 145
                - 141
                - 216
                - 191
                - 149
                - 241
                - 175
                - 235
                - 47
                - 166
                - 202
                - 45
                - 81
                - 82
                - 10
                - 214
                - 200
                - 40
                - 114
                - 102
            lv: 30574
            rcv:
                - 217
                - 192
                - 129
                - 70
                - 62
                - 9
                - 19
                - 81
                - 10
                - 97
                - 153
                - 144
                - 2
                - 50
                - 71
                - 169
                - 33
                - 211
                - 241
                - 149
                - 253
                - 52
                - 97
                - 45
                - 32
                - 49
                - 243
                - 218
                - 51
                - 97
                - 173
                - 19
            snd:
                - 181
                - 176
                - 219
                - 238
                - 106
                - 134
                - 42
                - 72
                - 146
                - 178
                - 183
                - 161
                - 7
                - 238
                - 87
                - 145
                - 92
                - 34
                - 110
                - 74
                - 164
                - 136
                - 138
                - 167
                - 248
                - 1
                - 168
                - 242
                - 0
                - 77
                - 71
                - 104
            type: pay
